
================== CRASH DETECTED ==================
Time: 2025-09-09 20:34:03
Runtime: 6.60 seconds
Exception Type: TypeError
Exception Value: Object of type datetime is not JSON serializable

Traceback:
Traceback (most recent call last):
  File "c:\dcwidget\data_manager.py", line 672, in on_auth_state_changed
    self._save_month_to_cache_db(month_key[0], month_key[1], remaining_events)
  File "c:\dcwidget\data_manager.py", line 813, in _save_month_to_cache_db
    cursor.execute("INSERT OR REPLACE INTO event_cache (year, month, events_json, cached_at) VALUES (?, ?, ?, CURRENT_TIMESTAMP)", (year, month, json.dumps(events)))
                                                                                                                                                 ^^^^^^^^^^^^^^^^^^
  File "C:\Users\user\AppData\Local\Programs\Python\Python312\Lib\json\__init__.py", line 231, in dumps
    return _default_encoder.encode(obj)
           ^^^^^^^^^^^^^^^^^^^^^^^^^^^^
  File "C:\Users\user\AppData\Local\Programs\Python\Python312\Lib\json\encoder.py", line 200, in encode
    chunks = self.iterencode(o, _one_shot=True)
             ^^^^^^^^^^^^^^^^^^^^^^^^^^^^^^^^^^
  File "C:\Users\user\AppData\Local\Programs\Python\Python312\Lib\json\encoder.py", line 258, in iterencode
    return _iterencode(o, 0)
           ^^^^^^^^^^^^^^^^^
  File "C:\Users\user\AppData\Local\Programs\Python\Python312\Lib\json\encoder.py", line 180, in default
    raise TypeError(f'Object of type {o.__class__.__name__} '
TypeError: Object of type datetime is not JSON serializable

================== END CRASH INFO ==================
